# JRE version: OpenJDK Runtime Environment Temurin-21.0.8+9 (21.0.8+9) (build 21.0.8+9-LTS)
# Java VM: OpenJDK 64-Bit Server VM Temurin-21.0.8+9 (21.0.8+9-LTS, mixed mode, sharing, tiered, compressed oops, compressed class ptrs, parallel gc, windows-amd64)
GC Precious Log:
 CardTable entry size: 512
 CPUs: 20 total, 20 available
 Memory: 16068M
 Large Page Support: Disabled
 NUMA Support: Disabled
 Compressed Oops: Enabled (32-bit)
 Alignments: Space 512K, Generation 512K, Heap 2M
 Heap Min Capacity: 100M
 Heap Initial Capacity: 100M
 Heap Max Capacity: 2G
 Pre-touch: Disabled
 Parallel Workers: 15
Heap:
 PSYoungGen      total 23040K, used 19109K [0x00000000d5580000, 0x00000000d6e00000, 0x0000000100000000)
  eden space 21504K, 82% used [0x00000000d5580000,0x00000000d66e96f8,0x00000000d6a80000)
  from space 1536K, 83% used [0x00000000d6c80000,0x00000000d6dc0000,0x00000000d6e00000)
  to   space 1536K, 0% used [0x00000000d6a80000,0x00000000d6a80000,0x00000000d6c00000)
 ParOldGen       total 68608K, used 43787K [0x0000000080000000, 0x0000000084300000, 0x00000000d5580000)
  object space 68608K, 63% used [0x0000000080000000,0x0000000082ac2d08,0x0000000084300000)
 Metaspace       used 58328K, committed 59712K, reserved 1114112K
  class space    used 6253K, committed 6848K, reserved 1048576K
GC Heap History (20 events):
Event: 13.106 GC heap before
{Heap before GC invocations=25 (full 2):
 PSYoungGen      total 27136K, used 26928K [0x00000000d5580000, 0x00000000d7700000, 0x0000000100000000)
  eden space 21504K, 100% used [0x00000000d5580000,0x00000000d6a80000,0x00000000d6a80000)
  from space 5632K, 96% used [0x00000000d7180000,0x00000000d76cc018,0x00000000d7700000)
  to   space 6144K, 0% used [0x00000000d6b00000,0x00000000d6b00000,0x00000000d7100000)
 ParOldGen       total 68608K, used 30909K [0x0000000080000000, 0x0000000084300000, 0x00000000d5580000)
  object space 68608K, 45% used [0x0000000080000000,0x0000000081e2f530,0x0000000084300000)
 Metaspace       used 50910K, committed 52096K, reserved 1114112K
  class space    used 5538K, committed 6080K, reserved 1048576K
}
Event: 13.108 GC heap after
{Heap after GC invocations=25 (full 2):
 PSYoungGen      total 27136K, used 5216K [0x00000000d5580000, 0x00000000d7580000, 0x0000000100000000)
  eden space 21504K, 0% used [0x00000000d5580000,0x00000000d5580000,0x00000000d6a80000)
  from space 5632K, 92% used [0x00000000d6b00000,0x00000000d7018030,0x00000000d7080000)
  to   space 5120K, 0% used [0x00000000d7080000,0x00000000d7080000,0x00000000d7580000)
 ParOldGen       total 68608K, used 32333K [0x0000000080000000, 0x0000000084300000, 0x00000000d5580000)
  object space 68608K, 47% used [0x0000000080000000,0x0000000081f93738,0x0000000084300000)
 Metaspace       used 50910K, committed 52096K, reserved 1114112K
  class space    used 5538K, committed 6080K, reserved 1048576K
}
Event: 15.452 GC heap before
{Heap before GC invocations=26 (full 2):
 PSYoungGen      total 27136K, used 26720K [0x00000000d5580000, 0x00000000d7580000, 0x0000000100000000)
  eden space 21504K, 100% used [0x00000000d5580000,0x00000000d6a80000,0x00000000d6a80000)
  from space 5632K, 92% used [0x00000000d6b00000,0x00000000d7018030,0x00000000d7080000)
  to   space 5120K, 0% used [0x00000000d7080000,0x00000000d7080000,0x00000000d7580000)
 ParOldGen       total 68608K, used 32333K [0x0000000080000000, 0x0000000084300000, 0x00000000d5580000)
  object space 68608K, 47% used [0x0000000080000000,0x0000000081f93738,0x0000000084300000)
 Metaspace       used 51833K, committed 53120K, reserved 1114112K
  class space    used 5630K, committed 6208K, reserved 1048576K
}
Event: 15.454 GC heap after
{Heap after GC invocations=26 (full 2):
 PSYoungGen      total 22528K, used 812K [0x00000000d5580000, 0x00000000d7180000, 0x0000000100000000)
  eden space 21504K, 0% used [0x00000000d5580000,0x00000000d5580000,0x00000000d6a80000)
  from space 1024K, 79% used [0x00000000d7080000,0x00000000d714b0a8,0x00000000d7180000)
  to   space 2560K, 0% used [0x00000000d6c80000,0x00000000d6c80000,0x00000000d6f00000)
 ParOldGen       total 68608K, used 32477K [0x0000000080000000, 0x0000000084300000, 0x00000000d5580000)
  object space 68608K, 47% used [0x0000000080000000,0x0000000081fb7738,0x0000000084300000)
 Metaspace       used 51833K, committed 53120K, reserved 1114112K
  class space    used 5630K, committed 6208K, reserved 1048576K
}
Event: 17.582 GC heap before
{Heap before GC invocations=27 (full 2):
 PSYoungGen      total 22528K, used 22316K [0x00000000d5580000, 0x00000000d7180000, 0x0000000100000000)
  eden space 21504K, 100% used [0x00000000d5580000,0x00000000d6a80000,0x00000000d6a80000)
  from space 1024K, 79% used [0x00000000d7080000,0x00000000d714b0a8,0x00000000d7180000)
  to   space 2560K, 0% used [0x00000000d6c80000,0x00000000d6c80000,0x00000000d6f00000)
 ParOldGen       total 68608K, used 32477K [0x0000000080000000, 0x0000000084300000, 0x00000000d5580000)
  object space 68608K, 47% used [0x0000000080000000,0x0000000081fb7738,0x0000000084300000)
 Metaspace       used 53847K, committed 55232K, reserved 1114112K
  class space    used 5847K, committed 6464K, reserved 1048576K
}
Event: 17.584 GC heap after
{Heap after GC invocations=27 (full 2):
 PSYoungGen      total 24064K, used 2264K [0x00000000d5580000, 0x00000000d7100000, 0x0000000100000000)
  eden space 21504K, 0% used [0x00000000d5580000,0x00000000d5580000,0x00000000d6a80000)
  from space 2560K, 88% used [0x00000000d6c80000,0x00000000d6eb61b8,0x00000000d6f00000)
  to   space 2048K, 0% used [0x00000000d6f00000,0x00000000d6f00000,0x00000000d7100000)
 ParOldGen       total 68608K, used 32950K [0x0000000080000000, 0x0000000084300000, 0x00000000d5580000)
  object space 68608K, 48% used [0x0000000080000000,0x000000008202d940,0x0000000084300000)
 Metaspace       used 53847K, committed 55232K, reserved 1114112K
  class space    used 5847K, committed 6464K, reserved 1048576K
}
Event: 18.335 GC heap before
{Heap before GC invocations=28 (full 2):
 PSYoungGen      total 24064K, used 23768K [0x00000000d5580000, 0x00000000d7100000, 0x0000000100000000)
  eden space 21504K, 100% used [0x00000000d5580000,0x00000000d6a80000,0x00000000d6a80000)
  from space 2560K, 88% used [0x00000000d6c80000,0x00000000d6eb61b8,0x00000000d6f00000)
  to   space 2048K, 0% used [0x00000000d6f00000,0x00000000d6f00000,0x00000000d7100000)
 ParOldGen       total 68608K, used 32950K [0x0000000080000000, 0x0000000084300000, 0x00000000d5580000)
  object space 68608K, 48% used [0x0000000080000000,0x000000008202d940,0x0000000084300000)
 Metaspace       used 54082K, committed 55488K, reserved 1114112K
  class space    used 5852K, committed 6464K, reserved 1048576K
}
Event: 18.338 GC heap after
{Heap after GC invocations=28 (full 2):
 PSYoungGen      total 23552K, used 2048K [0x00000000d5580000, 0x00000000d7380000, 0x0000000100000000)
  eden space 21504K, 0% used [0x00000000d5580000,0x00000000d5580000,0x00000000d6a80000)
  from space 2048K, 100% used [0x00000000d6f00000,0x00000000d7100000,0x00000000d7100000)
  to   space 4608K, 0% used [0x00000000d6a80000,0x00000000d6a80000,0x00000000d6f00000)
 ParOldGen       total 68608K, used 34961K [0x0000000080000000, 0x0000000084300000, 0x00000000d5580000)
  object space 68608K, 50% used [0x0000000080000000,0x00000000822245b8,0x0000000084300000)
 Metaspace       used 54082K, committed 55488K, reserved 1114112K
  class space    used 5852K, committed 6464K, reserved 1048576K
}
Event: 18.856 GC heap before
{Heap before GC invocations=29 (full 2):
 PSYoungGen      total 23552K, used 23552K [0x00000000d5580000, 0x00000000d7380000, 0x0000000100000000)
  eden space 21504K, 100% used [0x00000000d5580000,0x00000000d6a80000,0x00000000d6a80000)
  from space 2048K, 100% used [0x00000000d6f00000,0x00000000d7100000,0x00000000d7100000)
  to   space 4608K, 0% used [0x00000000d6a80000,0x00000000d6a80000,0x00000000d6f00000)
 ParOldGen       total 68608K, used 34961K [0x0000000080000000, 0x0000000084300000, 0x00000000d5580000)
  object space 68608K, 50% used [0x0000000080000000,0x00000000822245b8,0x0000000084300000)
 Metaspace       used 55492K, committed 56768K, reserved 1114112K
  class space    used 6029K, committed 6592K, reserved 1048576K
}
Event: 18.859 GC heap after
{Heap after GC invocations=29 (full 2):
 PSYoungGen      total 23552K, used 1894K [0x00000000d5580000, 0x00000000d7080000, 0x0000000100000000)
  eden space 21504K, 0% used [0x00000000d5580000,0x00000000d5580000,0x00000000d6a80000)
  from space 2048K, 92% used [0x00000000d6a80000,0x00000000d6c598c8,0x00000000d6c80000)
  to   space 3072K, 0% used [0x00000000d6d80000,0x00000000d6d80000,0x00000000d7080000)
 ParOldGen       total 68608K, used 36757K [0x0000000080000000, 0x0000000084300000, 0x00000000d5580000)
  object space 68608K, 53% used [0x0000000080000000,0x00000000823e55d8,0x0000000084300000)
 Metaspace       used 55492K, committed 56768K, reserved 1114112K
  class space    used 6029K, committed 6592K, reserved 1048576K
}
Event: 19.187 GC heap before
{Heap before GC invocations=30 (full 2):
 PSYoungGen      total 23552K, used 23398K [0x00000000d5580000, 0x00000000d7080000, 0x0000000100000000)
  eden space 21504K, 100% used [0x00000000d5580000,0x00000000d6a80000,0x00000000d6a80000)
  from space 2048K, 92% used [0x00000000d6a80000,0x00000000d6c598c8,0x00000000d6c80000)
  to   space 3072K, 0% used [0x00000000d6d80000,0x00000000d6d80000,0x00000000d7080000)
 ParOldGen       total 68608K, used 36757K [0x0000000080000000, 0x0000000084300000, 0x00000000d5580000)
  object space 68608K, 53% used [0x0000000080000000,0x00000000823e55d8,0x0000000084300000)
 Metaspace       used 55897K, committed 57344K, reserved 1114112K
  class space    used 6078K, committed 6720K, reserved 1048576K
}
Event: 19.189 GC heap after
{Heap after GC invocations=30 (full 2):
 PSYoungGen      total 23040K, used 1440K [0x00000000d5580000, 0x00000000d6f00000, 0x0000000100000000)
  eden space 21504K, 0% used [0x00000000d5580000,0x00000000d5580000,0x00000000d6a80000)
  from space 1536K, 93% used [0x00000000d6d80000,0x00000000d6ee8000,0x00000000d6f00000)
  to   space 2048K, 0% used [0x00000000d6b00000,0x00000000d6b00000,0x00000000d6d00000)
 ParOldGen       total 68608K, used 38198K [0x0000000080000000, 0x0000000084300000, 0x00000000d5580000)
  object space 68608K, 55% used [0x0000000080000000,0x000000008254db88,0x0000000084300000)
 Metaspace       used 55897K, committed 57344K, reserved 1114112K
  class space    used 6078K, committed 6720K, reserved 1048576K
}
Event: 19.643 GC heap before
{Heap before GC invocations=31 (full 2):
 PSYoungGen      total 23040K, used 22944K [0x00000000d5580000, 0x00000000d6f00000, 0x0000000100000000)
  eden space 21504K, 100% used [0x00000000d5580000,0x00000000d6a80000,0x00000000d6a80000)
  from space 1536K, 93% used [0x00000000d6d80000,0x00000000d6ee8000,0x00000000d6f00000)
  to   space 2048K, 0% used [0x00000000d6b00000,0x00000000d6b00000,0x00000000d6d00000)
 ParOldGen       total 68608K, used 38198K [0x0000000080000000, 0x0000000084300000, 0x00000000d5580000)
  object space 68608K, 55% used [0x0000000080000000,0x000000008254db88,0x0000000084300000)
 Metaspace       used 56958K, committed 58432K, reserved 1114112K
  class space    used 6170K, committed 6784K, reserved 1048576K
}
Event: 19.646 GC heap after
{Heap after GC invocations=31 (full 2):
 PSYoungGen      total 23552K, used 2047K [0x00000000d5580000, 0x00000000d7180000, 0x0000000100000000)
  eden space 21504K, 0% used [0x00000000d5580000,0x00000000d5580000,0x00000000d6a80000)
  from space 2048K, 99% used [0x00000000d6b00000,0x00000000d6cffeb0,0x00000000d6d00000)
  to   space 3584K, 0% used [0x00000000d6e00000,0x00000000d6e00000,0x00000000d7180000)
 ParOldGen       total 68608K, used 39254K [0x0000000080000000, 0x0000000084300000, 0x00000000d5580000)
  object space 68608K, 57% used [0x0000000080000000,0x0000000082655b88,0x0000000084300000)
 Metaspace       used 56958K, committed 58432K, reserved 1114112K
  class space    used 6170K, committed 6784K, reserved 1048576K
}
Event: 19.938 GC heap before
{Heap before GC invocations=32 (full 2):
 PSYoungGen      total 23552K, used 23551K [0x00000000d5580000, 0x00000000d7180000, 0x0000000100000000)
  eden space 21504K, 99% used [0x00000000d5580000,0x00000000d6a7ffc0,0x00000000d6a80000)
  from space 2048K, 99% used [0x00000000d6b00000,0x00000000d6cffeb0,0x00000000d6d00000)
  to   space 3584K, 0% used [0x00000000d6e00000,0x00000000d6e00000,0x00000000d7180000)
 ParOldGen       total 68608K, used 39254K [0x0000000080000000, 0x0000000084300000, 0x00000000d5580000)
  object space 68608K, 57% used [0x0000000080000000,0x0000000082655b88,0x0000000084300000)
 Metaspace       used 57133K, committed 58560K, reserved 1114112K
  class space    used 6171K, committed 6784K, reserved 1048576K
}
Event: 19.940 GC heap after
{Heap after GC invocations=32 (full 2):
 PSYoungGen      total 24064K, used 2304K [0x00000000d5580000, 0x00000000d7080000, 0x0000000100000000)
  eden space 21504K, 0% used [0x00000000d5580000,0x00000000d5580000,0x00000000d6a80000)
  from space 2560K, 90% used [0x00000000d6e00000,0x00000000d7040000,0x00000000d7080000)
  to   space 3072K, 0% used [0x00000000d6a80000,0x00000000d6a80000,0x00000000d6d80000)
 ParOldGen       total 68608K, used 40897K [0x0000000080000000, 0x0000000084300000, 0x00000000d5580000)
  object space 68608K, 59% used [0x0000000080000000,0x00000000827f04c0,0x0000000084300000)
 Metaspace       used 57133K, committed 58560K, reserved 1114112K
  class space    used 6171K, committed 6784K, reserved 1048576K
}
Event: 20.172 GC heap before
{Heap before GC invocations=33 (full 2):
 PSYoungGen      total 24064K, used 23808K [0x00000000d5580000, 0x00000000d7080000, 0x0000000100000000)
  eden space 21504K, 100% used [0x00000000d5580000,0x00000000d6a80000,0x00000000d6a80000)
  from space 2560K, 90% used [0x00000000d6e00000,0x00000000d7040000,0x00000000d7080000)
  to   space 3072K, 0% used [0x00000000d6a80000,0x00000000d6a80000,0x00000000d6d80000)
 ParOldGen       total 68608K, used 40897K [0x0000000080000000, 0x0000000084300000, 0x00000000d5580000)
  object space 68608K, 59% used [0x0000000080000000,0x00000000827f04c0,0x0000000084300000)
 Metaspace       used 57260K, committed 58688K, reserved 1114112K
  class space    used 6171K, committed 6784K, reserved 1048576K
}
Event: 20.175 GC heap after
{Heap after GC invocations=33 (full 2):
 PSYoungGen      total 23040K, used 1232K [0x00000000d5580000, 0x00000000d6e80000, 0x0000000100000000)
  eden space 21504K, 0% used [0x00000000d5580000,0x00000000d5580000,0x00000000d6a80000)
  from space 1536K, 80% used [0x00000000d6a80000,0x00000000d6bb4030,0x00000000d6c00000)
  to   space 2048K, 0% used [0x00000000d6c80000,0x00000000d6c80000,0x00000000d6e80000)
 ParOldGen       total 68608K, used 42827K [0x0000000080000000, 0x0000000084300000, 0x00000000d5580000)
  object space 68608K, 62% used [0x0000000080000000,0x00000000829d2cf8,0x0000000084300000)
 Metaspace       used 57260K, committed 58688K, reserved 1114112K
  class space    used 6171K, committed 6784K, reserved 1048576K
}
Event: 20.486 GC heap before
{Heap before GC invocations=34 (full 2):
 PSYoungGen      total 23040K, used 22736K [0x00000000d5580000, 0x00000000d6e80000, 0x0000000100000000)
  eden space 21504K, 100% used [0x00000000d5580000,0x00000000d6a80000,0x00000000d6a80000)
  from space 1536K, 80% used [0x00000000d6a80000,0x00000000d6bb4030,0x00000000d6c00000)
  to   space 2048K, 0% used [0x00000000d6c80000,0x00000000d6c80000,0x00000000d6e80000)
 ParOldGen       total 68608K, used 42827K [0x0000000080000000, 0x0000000084300000, 0x00000000d5580000)
  object space 68608K, 62% used [0x0000000080000000,0x00000000829d2cf8,0x0000000084300000)
 Metaspace       used 57456K, committed 58880K, reserved 1114112K
  class space    used 6182K, committed 6784K, reserved 1048576K
}
Event: 20.488 GC heap after
{Heap after GC invocations=34 (full 2):
 PSYoungGen      total 23040K, used 1280K [0x00000000d5580000, 0x00000000d6e00000, 0x0000000100000000)
  eden space 21504K, 0% used [0x00000000d5580000,0x00000000d5580000,0x00000000d6a80000)
  from space 1536K, 83% used [0x00000000d6c80000,0x00000000d6dc0000,0x00000000d6e00000)
  to   space 1536K, 0% used [0x00000000d6a80000,0x00000000d6a80000,0x00000000d6c00000)
 ParOldGen       total 68608K, used 43787K [0x0000000080000000, 0x0000000084300000, 0x00000000d5580000)
  object space 68608K, 63% used [0x0000000080000000,0x0000000082ac2d08,0x0000000084300000)
 Metaspace       used 57456K, committed 58880K, reserved 1114112K
  class space    used 6182K, committed 6784K, reserved 1048576K
}

